d:\users\mj9617\gameengine\game engine\debug\vc120.pdb
d:\users\mj9617\gameengine\game engine\debug\vc120.idb
d:\users\mj9617\gameengine\game engine\debug\camera.obj
d:\users\mj9617\gameengine\game engine\debug\game.obj
d:\users\mj9617\gameengine\game engine\debug\light.obj
d:\users\mj9617\gameengine\game engine\debug\main.obj
d:\users\mj9617\gameengine\game engine\debug\mesh.obj
d:\users\mj9617\gameengine\game engine\debug\shader.obj
d:\users\mj9617\gameengine\game engine\debug\transformations.obj
d:\users\mj9617\gameengine\game engine\debug\vector.obj
d:\users\mj9617\gameengine\game engine\debug\windowcontext.obj
d:\users\mj9617\gameengine\debug\game engine.ilk
d:\users\mj9617\gameengine\debug\game engine.exe
d:\users\mj9617\gameengine\debug\game engine.pdb
d:\users\mj9617\gameengine\game engine\debug\game engine.tlog\cl.command.1.tlog
d:\users\mj9617\gameengine\game engine\debug\game engine.tlog\cl.read.1.tlog
d:\users\mj9617\gameengine\game engine\debug\game engine.tlog\cl.write.1.tlog
d:\users\mj9617\gameengine\game engine\debug\game engine.tlog\link.command.1.tlog
d:\users\mj9617\gameengine\game engine\debug\game engine.tlog\link.read.1.tlog
d:\users\mj9617\gameengine\game engine\debug\game engine.tlog\link.write.1.tlog
