Build started 10/7/2015 12:08:32 PM.
     1>Project "D:\Users\mj9617\GameEngine\Game Engine\Game Engine.vcxproj" on node 2 (Build target(s)).
     1>ClCompile:
         C:\Program Files (x86)\Microsoft Visual Studio 12.0\VC\bin\CL.exe /c /ZI /nologo /W3 /WX- /sdl /Od /Oy- /D _CRT_SECURE_NO_WARNINGS /D _MBCS /Gm /EHsc /RTC1 /MDd /GS /fp:precise /Zc:wchar_t /Zc:forScope /Fo"Debug\\" /Fd"Debug\vc120.pdb" /Gd /TP /analyze- /errorReport:prompt Game.cpp GameObject.cpp main.cpp Transform.cpp TransformManager.cpp
         TransformManager.cpp
         Transform.cpp
         GameObject.cpp
         Generating Code...
         Compiling...
         main.cpp
         Game.cpp
         Generating Code...
       Link:
         C:\Program Files (x86)\Microsoft Visual Studio 12.0\VC\bin\link.exe /ERRORREPORT:PROMPT /OUT:"D:\Users\mj9617\GameEngine\Debug\Game Engine.exe" /INCREMENTAL /NOLOGO opengl32.lib glew32.lib SDL2.lib SDL2main.lib SOIL.lib kernel32.lib user32.lib gdi32.lib winspool.lib comdlg32.lib advapi32.lib shell32.lib ole32.lib oleaut32.lib uuid.lib odbc32.lib odbccp32.lib /MANIFEST /MANIFESTUAC:"level='asInvoker' uiAccess='false'" /manifest:embed /DEBUG /PDB:"D:\Users\mj9617\GameEngine\Debug\Game Engine.pdb" /SUBSYSTEM:CONSOLE /TLBID:1 /DYNAMICBASE /NXCOMPAT /IMPLIB:"D:\Users\mj9617\GameEngine\Debug\Game Engine.lib" /MACHINE:X86 Debug\Camera.obj
         Debug\Game.obj
         Debug\GameObject.obj
         Debug\Light.obj
         Debug\main.obj
         Debug\Mesh.obj
         Debug\Shader.obj
         Debug\Transform.obj
         Debug\TransformManager.obj
         Debug\Vector.obj
         Debug\WindowContext.obj
     1>MSVCRTD.lib(cinitexe.obj) : warning LNK4098: defaultlib 'msvcrt.lib' conflicts with use of other libs; use /NODEFAULTLIB:library
     1>SOIL.lib(image_DXT.obj) : warning LNK4099: PDB 'vc120.pdb' was not found with 'SOIL.lib(image_DXT.obj)' or at 'D:\Users\mj9617\GameEngine\Debug\vc120.pdb'; linking object as if no debug info
     1>SOIL.lib(image_helper.obj) : warning LNK4099: PDB 'vc120.pdb' was not found with 'SOIL.lib(image_helper.obj)' or at 'D:\Users\mj9617\GameEngine\Debug\vc120.pdb'; linking object as if no debug info
     1>SOIL.lib(SOIL.obj) : warning LNK4099: PDB 'vc120.pdb' was not found with 'SOIL.lib(SOIL.obj)' or at 'D:\Users\mj9617\GameEngine\Debug\vc120.pdb'; linking object as if no debug info
     1>SOIL.lib(stb_image_aug.obj) : warning LNK4099: PDB 'vc120.pdb' was not found with 'SOIL.lib(stb_image_aug.obj)' or at 'D:\Users\mj9617\GameEngine\Debug\vc120.pdb'; linking object as if no debug info
         Game Engine.vcxproj -> D:\Users\mj9617\GameEngine\Debug\Game Engine.exe
     1>Done Building Project "D:\Users\mj9617\GameEngine\Game Engine\Game Engine.vcxproj" (Build target(s)).

Build succeeded.

Time Elapsed 00:00:02.06
